-------------------------------------------------------------------------------
Test set: TransTest
-------------------------------------------------------------------------------
Tests run: 1, Failures: 0, Errors: 1, Skipped: 0, Time elapsed: 0.114 s <<< FAILURE! - in TransTest
initializationError(TransTest)  Time elapsed: 0.003 s  <<< ERROR!
java.lang.Exception: No runnable methods

